<?xml version="1.0" encoding="UTF-8"?>
<testsuite name="com.learning.cukes.RunnerClassTest" time="0.004" tests="20" errors="0" skipped="0" failures="0">
  <properties>
[...]
</properties>
  <testcase name="Given the Symbiote home page &quot;https://symbiote-app.herokuapp.com&quot; on &quot;chrome&quot;" classname="| chrome |" time="0"/>
  <testcase name="And logging in as an admin" classname="| chrome |" time="0"/>
  <testcase name="Then the home page navigation is available" classname="| chrome |" time="0"/>
  <testcase name="| chrome |" classname="| chrome |" time="0"/>
  <testcase name="Given the Symbiote home page &quot;https://symbiote-app.herokuapp.com&quot; on &quot;firefox&quot;" classname="| firefox |" time="0"/>
  <testcase name="And logging in as an admin" classname="| firefox |" time="0"/>
  <testcase name="Then the home page navigation is available" classname="| firefox |" time="0"/>
  <testcase name="| firefox |" classname="| firefox |" time="0.001"/>
  <testcase name="Given the Symbiote home page &quot;https://symbiote-app.herokuapp.com&quot; on &quot;phantomjs&quot;" classname="| phantomjs |" time="0"/>
  <testcase name="And logging in as an admin" classname="| phantomjs |" time="0"/>
  <testcase name="Then the home page navigation is available" classname="| phantomjs |" time="0"/>
  <testcase name="| phantomjs |" classname="| phantomjs |" time="0.001"/>
  <testcase name="Given the Symbiote home page &quot;https://symbiote-app.herokuapp.com&quot; on &quot;IE&quot;" classname="| IE |" time="0"/>
  <testcase name="And logging in as an admin" classname="| IE |" time="0"/>
  <testcase name="Then the home page navigation is available" classname="| IE |" time="0"/>
  <testcase name="| IE |" classname="| IE |" time="0.001"/>
  <testcase name="Given the Symbiote home page &quot;https://symbiote-app.herokuapp.com&quot; on &quot;edge&quot;" classname="| edge |" time="0"/>
  <testcase name="And logging in as an admin" classname="| edge |" time="0"/>
  <testcase name="Then the home page navigation is available" classname="| edge |" time="0"/>
  <testcase name="| edge |" classname="| edge |" time="0.001"/>
</testsuite>